<?xml version="1.0" encoding="UTF-8"?>
<testsuite name="com.araujoprada.hook.HookAppApplicationTests" tests="1" skipped="0" failures="0" errors="0" timestamp="2023-06-01T19:21:04" hostname="DESKTOP-OMAR" time="0.169">
  <properties/>
  <testcase name="contextLoads()" classname="com.araujoprada.hook.HookAppApplicationTests" time="0.169"/>
  <system-out><![CDATA[14:21:00.080 [Test worker] DEBUG org.springframework.boot.test.context.SpringBootTestContextBootstrapper -- Neither @ContextConfiguration nor @ContextHierarchy found for test class [HookAppApplicationTests]: using SpringBootContextLoader
14:21:00.080 [Test worker] DEBUG org.springframework.test.context.support.AbstractContextLoader -- Could not detect default resource locations for test class [com.araujoprada.hook.HookAppApplicationTests]: no resource found for suffixes {-context.xml, Context.groovy}.
14:21:00.080 [Test worker] INFO org.springframework.test.context.support.AnnotationConfigContextLoaderUtils -- Could not detect default configuration classes for test class [com.araujoprada.hook.HookAppApplicationTests]: HookAppApplicationTests does not declare any static, non-private, non-final, nested classes annotated with @Configuration.
14:21:00.096 [Test worker] DEBUG org.springframework.boot.test.context.SpringBootTestContextBootstrapper -- Using ContextCustomizers for test class [HookAppApplicationTests]: [DisableObservabilityContextCustomizer, PropertyMappingContextCustomizer, Customizer, ExcludeFilterContextCustomizer, DuplicateJsonObjectContextCustomizer, MockitoContextCustomizer, TestRestTemplateContextCustomizer]
14:21:00.174 [Test worker] DEBUG org.springframework.context.annotation.ClassPathScanningCandidateComponentProvider -- Identified candidate component class: file [D:\Repos\hook\build\classes\java\main\com\araujoprada\hook\HookApplication.class]
14:21:00.174 [Test worker] INFO org.springframework.boot.test.context.SpringBootTestContextBootstrapper -- Found @SpringBootConfiguration com.araujoprada.hook.HookApplication for test class com.araujoprada.hook.HookAppApplicationTests
14:21:00.299 [Test worker] DEBUG org.springframework.boot.test.context.SpringBootTestContextBootstrapper -- Using TestExecutionListeners for test class [HookAppApplicationTests]: [ServletTestExecutionListener, DirtiesContextBeforeModesTestExecutionListener, ApplicationEventsTestExecutionListener, MockitoTestExecutionListener, DependencyInjectionTestExecutionListener, DirtiesContextTestExecutionListener, TransactionalTestExecutionListener, SqlScriptsTestExecutionListener, EventPublishingTestExecutionListener, RestDocsTestExecutionListener, MockRestServiceServerResetTestExecutionListener, MockMvcPrintOnlyOnFailureTestExecutionListener, WebDriverTestExecutionListener, MockWebServiceServerTestExecutionListener, ResetMocksTestExecutionListener]
14:21:00.299 [Test worker] DEBUG org.springframework.test.context.support.AbstractDirtiesContextTestExecutionListener -- Before test class: class [HookAppApplicationTests], class annotated with @DirtiesContext [false] with mode [null]

  .   ____          _            __ _ _
 /\\ / ___'_ __ _ _(_)_ __  __ _ \ \ \ \
( ( )\___ | '_ | '_| | '_ \/ _` | \ \ \ \
 \\/  ___)| |_)| | | | | || (_| |  ) ) ) )
  '  |____| .__|_| |_|_| |_\__, | / / / /
 =========|_|==============|___/=/_/_/_/
 :: Spring Boot ::                (v3.0.6)

2023-06-01T14:21:00.597-05:00  INFO 11608 --- [    Test worker] c.a.hook.HookAppApplicationTests         : Starting HookAppApplicationTests using Java 17.0.7 with PID 11608 (started by lober in D:\Repos\hook)
2023-06-01T14:21:00.597-05:00  INFO 11608 --- [    Test worker] c.a.hook.HookAppApplicationTests         : No active profile set, falling back to 1 default profile: "default"
2023-06-01T14:21:01.317-05:00  INFO 11608 --- [    Test worker] .s.d.r.c.RepositoryConfigurationDelegate : Bootstrapping Spring Data JPA repositories in DEFAULT mode.
2023-06-01T14:21:01.426-05:00  INFO 11608 --- [    Test worker] .s.d.r.c.RepositoryConfigurationDelegate : Finished Spring Data repository scanning in 101 ms. Found 8 JPA repository interfaces.
2023-06-01T14:21:01.885-05:00  INFO 11608 --- [    Test worker] com.zaxxer.hikari.HikariDataSource       : HikariPool-1 - Starting...
2023-06-01T14:21:02.213-05:00  INFO 11608 --- [    Test worker] com.zaxxer.hikari.pool.HikariPool        : HikariPool-1 - Added connection com.mysql.cj.jdbc.ConnectionImpl@526f6427
2023-06-01T14:21:02.213-05:00  INFO 11608 --- [    Test worker] com.zaxxer.hikari.HikariDataSource       : HikariPool-1 - Start completed.
2023-06-01T14:21:02.276-05:00  INFO 11608 --- [    Test worker] o.hibernate.jpa.internal.util.LogHelper  : HHH000204: Processing PersistenceUnitInfo [name: default]
2023-06-01T14:21:02.322-05:00  INFO 11608 --- [    Test worker] org.hibernate.Version                    : HHH000412: Hibernate ORM core version 6.1.7.Final
2023-06-01T14:21:02.687-05:00  INFO 11608 --- [    Test worker] SQL dialect                              : HHH000400: Using dialect: org.hibernate.dialect.MySQL57Dialect
2023-06-01T14:21:02.687-05:00  WARN 11608 --- [    Test worker] org.hibernate.orm.deprecation            : HHH90000026: MySQL57Dialect has been deprecated; use org.hibernate.dialect.MySQLDialect instead
2023-06-01T14:21:03.526-05:00  INFO 11608 --- [    Test worker] o.h.e.t.j.p.i.JtaPlatformInitiator       : HHH000490: Using JtaPlatform implementation: [org.hibernate.engine.transaction.jta.platform.internal.NoJtaPlatform]
2023-06-01T14:21:03.526-05:00  INFO 11608 --- [    Test worker] j.LocalContainerEntityManagerFactoryBean : Initialized JPA EntityManagerFactory for persistence unit 'default'
2023-06-01T14:21:04.338-05:00  WARN 11608 --- [    Test worker] JpaBaseConfiguration$JpaWebConfiguration : spring.jpa.open-in-view is enabled by default. Therefore, database queries may be performed during view rendering. Explicitly configure spring.jpa.open-in-view to disable this warning
2023-06-01T14:21:04.771-05:00  INFO 11608 --- [    Test worker] c.a.hook.HookAppApplicationTests         : Started HookAppApplicationTests in 4.414 seconds (process running for 5.564)
]]></system-out>
  <system-err><![CDATA[]]></system-err>
</testsuite>
